DEPRECATION WARNING: Static attributes will be removed in FactoryBot 5.0. Please use dynamic
attributes instead by wrapping the attribute value in a block:

image { #<Pathname:/Users/lan/.rvm/gems/ruby-2.6.0/bundler/gems/refinerycms-a258cef5dee3/images/spec/fixtures/beach.jpeg> }

To automatically update from static attributes to dynamic ones,
install rubocop-rspec and run:

rubocop \
  --require rubocop-rspec \
  --only FactoryBot/AttributeDefinedStatically \
  --auto-correct

 (called from block (2 levels) in <top (required)> at /Users/lan/.rvm/gems/ruby-2.6.0/bundler/gems/refinerycms-a258cef5dee3/images/spec/factories/image.rb:3)
DEPRECATION WARNING: Static attributes will be removed in FactoryBot 5.0. Please use dynamic
attributes instead by wrapping the attribute value in a block:

image { #<Pathname:/Users/lan/.rvm/gems/ruby-2.6.0/bundler/gems/refinerycms-a258cef5dee3/images/spec/fixtures/beach-alternate.jpeg> }

To automatically update from static attributes to dynamic ones,
install rubocop-rspec and run:

rubocop \
  --require rubocop-rspec \
  --only FactoryBot/AttributeDefinedStatically \
  --auto-correct

 (called from block (2 levels) in <top (required)> at /Users/lan/.rvm/gems/ruby-2.6.0/bundler/gems/refinerycms-a258cef5dee3/images/spec/factories/image.rb:7)
DEPRECATION WARNING: Static attributes will be removed in FactoryBot 5.0. Please use dynamic
attributes instead by wrapping the attribute value in a block:

image { #<Pathname:/Users/lan/.rvm/gems/ruby-2.6.0/bundler/gems/refinerycms-a258cef5dee3/images/spec/fixtures/fathead.png> }

To automatically update from static attributes to dynamic ones,
install rubocop-rspec and run:

rubocop \
  --require rubocop-rspec \
  --only FactoryBot/AttributeDefinedStatically \
  --auto-correct

 (called from block (2 levels) in <top (required)> at /Users/lan/.rvm/gems/ruby-2.6.0/bundler/gems/refinerycms-a258cef5dee3/images/spec/factories/image.rb:11)
DEPRECATION WARNING: Static attributes will be removed in FactoryBot 5.0. Please use dynamic
attributes instead by wrapping the attribute value in a block:

file { #<Pathname:/Users/lan/.rvm/gems/ruby-2.6.0/bundler/gems/refinerycms-a258cef5dee3/resources/spec/fixtures/cape-town-tide-table.pdf> }

To automatically update from static attributes to dynamic ones,
install rubocop-rspec and run:

rubocop \
  --require rubocop-rspec \
  --only FactoryBot/AttributeDefinedStatically \
  --auto-correct

 (called from block (2 levels) in <top (required)> at /Users/lan/.rvm/gems/ruby-2.6.0/bundler/gems/refinerycms-a258cef5dee3/resources/spec/factories/resource.rb:5)
DEPRECATION WARNING: Static attributes will be removed in FactoryBot 5.0. Please use dynamic
attributes instead by wrapping the attribute value in a block:

title { "Body" }

To automatically update from static attributes to dynamic ones,
install rubocop-rspec and run:

rubocop \
  --require rubocop-rspec \
  --only FactoryBot/AttributeDefinedStatically \
  --auto-correct

 (called from block (2 levels) in <top (required)> at /Users/lan/.rvm/gems/ruby-2.6.0/bundler/gems/refinerycms-a258cef5dee3/pages/spec/factories/page_parts.rb:3)
DEPRECATION WARNING: Static attributes will be removed in FactoryBot 5.0. Please use dynamic
attributes instead by wrapping the attribute value in a block:

slug { "side_body" }

To automatically update from static attributes to dynamic ones,
install rubocop-rspec and run:

rubocop \
  --require rubocop-rspec \
  --only FactoryBot/AttributeDefinedStatically \
  --auto-correct

 (called from block (2 levels) in <top (required)> at /Users/lan/.rvm/gems/ruby-2.6.0/bundler/gems/refinerycms-a258cef5dee3/pages/spec/factories/page_parts.rb:4)
